<?xml version="1.0" encoding="UTF-8"?>
<testsuite name="Gradle_Maven_JoseCamarena.AppTest" tests="1" skipped="0" failures="0" errors="0" timestamp="2023-03-31T07:51:39" hostname="perpi-IdeaPad-1-15ADA7" time="0.043">
  <properties/>
  <testcase name="appHasAGreeting()" classname="Gradle_Maven_JoseCamarena.AppTest" time="0.043"/>
  <system-out><![CDATA[]]></system-out>
  <system-err><![CDATA[]]></system-err>
</testsuite>
